build/app/intermediates/manifest_merge_blame_file/release/manifest-merger-blame-release-report.txt
1<?xml version="1.0" encoding="utf-8"?>
2<manifest xmlns:android="http://schemas.android.com/apk/res/android"
3    package="com.example.chat_app"
4    android:versionCode="1001"
5    android:versionName="1.0.0" >
6
7    <uses-sdk
8        android:minSdkVersion="23"
9        android:targetSdkVersion="35" />
10
11    <uses-permission android:name="android.permission.ACCESS_NETWORK_STATE" />
11-->src\main\AndroidManifest.xml:5:1-75
11-->src\main\AndroidManifest.xml:5:18-72
12    <!-- internet permission -->
13    <uses-permission android:name="android.permission.INTERNET" />
13-->src\main\AndroidManifest.xml:7:1-63
13-->src\main\AndroidManifest.xml:7:18-60
14    <!-- storage permission -->
15    <uses-permission android:name="android.permission.READ_PHONE_STATE" />
15-->src\main\AndroidManifest.xml:9:1-71
15-->src\main\AndroidManifest.xml:9:18-68
16    <uses-permission android:name="android.permission.WRITE_EXTERNAL_STORAGE" />
16-->src\main\AndroidManifest.xml:10:1-76
16-->src\main\AndroidManifest.xml:10:18-74
17    <uses-permission
17-->src\main\AndroidManifest.xml:11:1-116
18        android:name="android.permission.BLUETOOTH_SCAN"
18-->src\main\AndroidManifest.xml:11:18-66
19        android:usesPermissionFlags="neverForLocation" />
19-->src\main\AndroidManifest.xml:11:67-113
20    <uses-permission android:name="android.permission.BLUETOOTH_CONNECT" />
20-->src\main\AndroidManifest.xml:12:1-72
20-->src\main\AndroidManifest.xml:12:18-69
21    <uses-permission
21-->src\main\AndroidManifest.xml:13:1-102
22        android:name="android.permission.ACCESS_FINE_LOCATION"
22-->src\main\AndroidManifest.xml:13:18-72
23        android:maxSdkVersion="30" />
23-->src\main\AndroidManifest.xml:13:73-99
24    <uses-permission
24-->src\main\AndroidManifest.xml:14:1-104
25        android:name="android.permission.ACCESS_COARSE_LOCATION"
25-->src\main\AndroidManifest.xml:14:18-74
26        android:maxSdkVersion="30" />
26-->src\main\AndroidManifest.xml:14:75-101
27    <uses-permission android:name="android.permission.ACCESS_WIFI_STATE" />
27-->src\main\AndroidManifest.xml:17:1-72
27-->src\main\AndroidManifest.xml:17:18-69
28    <uses-permission android:name="android.permission.BLUETOOTH" />
28-->src\main\AndroidManifest.xml:18:1-64
28-->src\main\AndroidManifest.xml:18:18-61
29    <uses-permission android:name="android.permission.RECORD_AUDIO" />
29-->src\main\AndroidManifest.xml:20:1-67
29-->src\main\AndroidManifest.xml:20:18-64
30    <uses-permission android:name="android.permission.MODIFY_AUDIO_SETTINGS" />
30-->src\main\AndroidManifest.xml:21:1-76
30-->src\main\AndroidManifest.xml:21:18-73
31    <uses-permission android:name="android.permission.CAMERA" />
31-->src\main\AndroidManifest.xml:22:1-61
31-->src\main\AndroidManifest.xml:22:18-58
32    <uses-permission android:name="android.permission.WAKE_LOCK" />
32-->src\main\AndroidManifest.xml:24:1-64
32-->src\main\AndroidManifest.xml:24:18-61
33    <uses-permission android:name="android.permission.VIBRATE" />
33-->src\main\AndroidManifest.xml:25:1-61
33-->src\main\AndroidManifest.xml:25:18-59
34    <uses-permission android:name="android.permission.ACCESS_NOTIFICATION_POLICY" />
34-->src\main\AndroidManifest.xml:27:1-80
34-->src\main\AndroidManifest.xml:27:18-78
35    <uses-permission android:name="android.permission.POST_NOTIFICATIONS" />
35-->src\main\AndroidManifest.xml:28:1-72
35-->src\main\AndroidManifest.xml:28:18-70
36    <!-- for bring app to foreground from background in Android 10 -->
37    <uses-permission android:name="android.permission.SYSTEM_ALERT_WINDOW" />
37-->src\main\AndroidManifest.xml:30:1-74
37-->src\main\AndroidManifest.xml:30:18-71
38    <!-- Required by older versions of Google Play services to create IID tokens -->
39    <uses-permission android:name="com.google.android.c2dm.permission.RECEIVE" />
39-->[com.google.firebase:firebase-messaging:24.1.1] AndroidManifest.xml:26:5-82
39-->[com.google.firebase:firebase-messaging:24.1.1] AndroidManifest.xml:26:22-79
40    <uses-permission android:name="com.google.android.providers.gsf.permission.READ_GSERVICES" />
40-->[com.google.android.recaptcha:recaptcha:18.6.1] AndroidManifest.xml:9:5-98
40-->[com.google.android.recaptcha:recaptcha:18.6.1] AndroidManifest.xml:9:22-95
41
42    <permission
42-->[androidx.core:core:1.13.1] AndroidManifest.xml:22:5-24:47
43        android:name="com.example.chat_app.DYNAMIC_RECEIVER_NOT_EXPORTED_PERMISSION"
43-->[androidx.core:core:1.13.1] AndroidManifest.xml:23:9-81
44        android:protectionLevel="signature" />
44-->[androidx.core:core:1.13.1] AndroidManifest.xml:24:9-44
45
46    <uses-permission android:name="com.example.chat_app.DYNAMIC_RECEIVER_NOT_EXPORTED_PERMISSION" />
46-->[androidx.core:core:1.13.1] AndroidManifest.xml:26:5-97
46-->[androidx.core:core:1.13.1] AndroidManifest.xml:26:22-94
47
48    <application
49        android:name="android.app.Application"
49-->src\main\AndroidManifest.xml:37:9-42
50        android:appComponentFactory="androidx.core.app.CoreComponentFactory"
50-->[androidx.core:core:1.13.1] AndroidManifest.xml:28:18-86
51        android:extractNativeLibs="false"
52        android:icon="@mipmap/ic_launcher"
52-->src\main\AndroidManifest.xml:38:9-43
53        android:label="ZEVA" >
53-->src\main\AndroidManifest.xml:35:9-29
54        <activity
54-->src\main\AndroidManifest.xml:39:9-59:20
55            android:name="com.example.chat_app.MainActivity"
55-->src\main\AndroidManifest.xml:40:13-41
56            android:configChanges="orientation|keyboardHidden|keyboard|screenSize|smallestScreenSize|locale|layoutDirection|fontScale|screenLayout|density|uiMode"
56-->src\main\AndroidManifest.xml:44:13-163
57            android:exported="true"
57-->src\main\AndroidManifest.xml:41:13-36
58            android:hardwareAccelerated="true"
58-->src\main\AndroidManifest.xml:45:13-47
59            android:launchMode="singleTop"
59-->src\main\AndroidManifest.xml:42:13-43
60            android:theme="@style/LaunchTheme"
60-->src\main\AndroidManifest.xml:43:13-47
61            android:windowSoftInputMode="adjustResize" >
61-->src\main\AndroidManifest.xml:46:13-55
62
63            <!--
64                 Specifies an Android theme to apply to this Activity as soon as
65                 the Android process has started. This theme is visible to the user
66                 while the Flutter UI initializes. After that, this theme continues
67                 to determine the Window background behind the Flutter UI.
68            -->
69            <meta-data
69-->src\main\AndroidManifest.xml:51:13-54:17
70                android:name="io.flutter.embedding.android.NormalTheme"
70-->src\main\AndroidManifest.xml:52:15-70
71                android:resource="@style/NormalTheme" />
71-->src\main\AndroidManifest.xml:53:15-52
72
73            <intent-filter>
73-->src\main\AndroidManifest.xml:55:13-58:29
74                <action android:name="android.intent.action.MAIN" />
74-->src\main\AndroidManifest.xml:56:17-68
74-->src\main\AndroidManifest.xml:56:25-66
75
76                <category android:name="android.intent.category.LAUNCHER" />
76-->src\main\AndroidManifest.xml:57:17-76
76-->src\main\AndroidManifest.xml:57:27-74
77            </intent-filter>
78        </activity>
79        <!--
80             Don't delete the meta-data below.
81             This is used by the Flutter tool to generate GeneratedPluginRegistrant.java
82        -->
83        <meta-data
83-->src\main\AndroidManifest.xml:62:9-64:33
84            android:name="flutterEmbedding"
84-->src\main\AndroidManifest.xml:63:13-44
85            android:value="2" />
85-->src\main\AndroidManifest.xml:64:13-30
86
87        <service
87-->[:cloud_firestore] AndroidManifest.xml:8:9-12:19
88            android:name="com.google.firebase.components.ComponentDiscoveryService"
88-->[:cloud_firestore] AndroidManifest.xml:8:18-89
89            android:directBootAware="true"
89-->[com.google.firebase:firebase-common:21.0.0] AndroidManifest.xml:32:13-43
90            android:exported="false" >
90-->[com.google.firebase:firebase-auth:23.2.0] AndroidManifest.xml:68:13-37
91            <meta-data
91-->[:cloud_firestore] AndroidManifest.xml:9:13-11:85
92                android:name="com.google.firebase.components:io.flutter.plugins.firebase.firestore.FlutterFirebaseFirestoreRegistrar"
92-->[:cloud_firestore] AndroidManifest.xml:10:17-134
93                android:value="com.google.firebase.components.ComponentRegistrar" />
93-->[:cloud_firestore] AndroidManifest.xml:11:17-82
94            <meta-data
94-->[:firebase_auth] AndroidManifest.xml:9:13-11:85
95                android:name="com.google.firebase.components:io.flutter.plugins.firebase.auth.FlutterFirebaseAuthRegistrar"
95-->[:firebase_auth] AndroidManifest.xml:10:17-124
96                android:value="com.google.firebase.components.ComponentRegistrar" />
96-->[:firebase_auth] AndroidManifest.xml:11:17-82
97            <meta-data
97-->[:firebase_messaging] AndroidManifest.xml:36:13-38:85
98                android:name="com.google.firebase.components:io.flutter.plugins.firebase.messaging.FlutterFirebaseAppRegistrar"
98-->[:firebase_messaging] AndroidManifest.xml:37:17-128
99                android:value="com.google.firebase.components.ComponentRegistrar" />
99-->[:firebase_messaging] AndroidManifest.xml:38:17-82
100            <meta-data
100-->[:firebase_storage] AndroidManifest.xml:9:13-11:85
101                android:name="com.google.firebase.components:io.flutter.plugins.firebase.storage.FlutterFirebaseAppRegistrar"
101-->[:firebase_storage] AndroidManifest.xml:10:17-126
102                android:value="com.google.firebase.components.ComponentRegistrar" />
102-->[:firebase_storage] AndroidManifest.xml:11:17-82
103            <meta-data
103-->[:firebase_core] AndroidManifest.xml:9:13-11:85
104                android:name="com.google.firebase.components:io.flutter.plugins.firebase.core.FlutterFirebaseCoreRegistrar"
104-->[:firebase_core] AndroidManifest.xml:10:17-124
105                android:value="com.google.firebase.components.ComponentRegistrar" />
105-->[:firebase_core] AndroidManifest.xml:11:17-82
106            <meta-data
106-->[com.google.firebase:firebase-auth:23.2.0] AndroidManifest.xml:69:13-71:85
107                android:name="com.google.firebase.components:com.google.firebase.auth.FirebaseAuthRegistrar"
107-->[com.google.firebase:firebase-auth:23.2.0] AndroidManifest.xml:70:17-109
108                android:value="com.google.firebase.components.ComponentRegistrar" />
108-->[com.google.firebase:firebase-auth:23.2.0] AndroidManifest.xml:71:17-82
109            <meta-data
109-->[com.google.firebase:firebase-firestore:25.1.3] AndroidManifest.xml:17:13-19:85
110                android:name="com.google.firebase.components:com.google.firebase.firestore.FirebaseFirestoreKtxRegistrar"
110-->[com.google.firebase:firebase-firestore:25.1.3] AndroidManifest.xml:18:17-122
111                android:value="com.google.firebase.components.ComponentRegistrar" />
111-->[com.google.firebase:firebase-firestore:25.1.3] AndroidManifest.xml:19:17-82
112            <meta-data
112-->[com.google.firebase:firebase-firestore:25.1.3] AndroidManifest.xml:20:13-22:85
113                android:name="com.google.firebase.components:com.google.firebase.firestore.FirestoreRegistrar"
113-->[com.google.firebase:firebase-firestore:25.1.3] AndroidManifest.xml:21:17-111
114                android:value="com.google.firebase.components.ComponentRegistrar" />
114-->[com.google.firebase:firebase-firestore:25.1.3] AndroidManifest.xml:22:17-82
115            <meta-data
115-->[com.google.firebase:firebase-messaging:24.1.1] AndroidManifest.xml:57:13-59:85
116                android:name="com.google.firebase.components:com.google.firebase.messaging.FirebaseMessagingKtxRegistrar"
116-->[com.google.firebase:firebase-messaging:24.1.1] AndroidManifest.xml:58:17-122
117                android:value="com.google.firebase.components.ComponentRegistrar" />
117-->[com.google.firebase:firebase-messaging:24.1.1] AndroidManifest.xml:59:17-82
118            <meta-data
118-->[com.google.firebase:firebase-messaging:24.1.1] AndroidManifest.xml:60:13-62:85
119                android:name="com.google.firebase.components:com.google.firebase.messaging.FirebaseMessagingRegistrar"
119-->[com.google.firebase:firebase-messaging:24.1.1] AndroidManifest.xml:61:17-119
120                android:value="com.google.firebase.components.ComponentRegistrar" />
120-->[com.google.firebase:firebase-messaging:24.1.1] AndroidManifest.xml:62:17-82
121            <meta-data
121-->[com.google.firebase:firebase-storage:21.0.1] AndroidManifest.xml:30:13-32:85
122                android:name="com.google.firebase.components:com.google.firebase.storage.FirebaseStorageKtxRegistrar"
122-->[com.google.firebase:firebase-storage:21.0.1] AndroidManifest.xml:31:17-118
123                android:value="com.google.firebase.components.ComponentRegistrar" />
123-->[com.google.firebase:firebase-storage:21.0.1] AndroidManifest.xml:32:17-82
124            <meta-data
124-->[com.google.firebase:firebase-storage:21.0.1] AndroidManifest.xml:33:13-35:85
125                android:name="com.google.firebase.components:com.google.firebase.storage.StorageRegistrar"
125-->[com.google.firebase:firebase-storage:21.0.1] AndroidManifest.xml:34:17-107
126                android:value="com.google.firebase.components.ComponentRegistrar" />
126-->[com.google.firebase:firebase-storage:21.0.1] AndroidManifest.xml:35:17-82
127            <meta-data
127-->[com.google.firebase:firebase-installations:18.0.0] AndroidManifest.xml:15:13-17:85
128                android:name="com.google.firebase.components:com.google.firebase.installations.FirebaseInstallationsKtxRegistrar"
128-->[com.google.firebase:firebase-installations:18.0.0] AndroidManifest.xml:16:17-130
129                android:value="com.google.firebase.components.ComponentRegistrar" />
129-->[com.google.firebase:firebase-installations:18.0.0] AndroidManifest.xml:17:17-82
130            <meta-data
130-->[com.google.firebase:firebase-installations:18.0.0] AndroidManifest.xml:18:13-20:85
131                android:name="com.google.firebase.components:com.google.firebase.installations.FirebaseInstallationsRegistrar"
131-->[com.google.firebase:firebase-installations:18.0.0] AndroidManifest.xml:19:17-127
132                android:value="com.google.firebase.components.ComponentRegistrar" />
132-->[com.google.firebase:firebase-installations:18.0.0] AndroidManifest.xml:20:17-82
133            <meta-data
133-->[com.google.firebase:firebase-appcheck:18.0.0] AndroidManifest.xml:25:13-27:85
134                android:name="com.google.firebase.components:com.google.firebase.appcheck.FirebaseAppCheckKtxRegistrar"
134-->[com.google.firebase:firebase-appcheck:18.0.0] AndroidManifest.xml:26:17-120
135                android:value="com.google.firebase.components.ComponentRegistrar" />
135-->[com.google.firebase:firebase-appcheck:18.0.0] AndroidManifest.xml:27:17-82
136            <meta-data
136-->[com.google.firebase:firebase-appcheck:18.0.0] AndroidManifest.xml:28:13-30:85
137                android:name="com.google.firebase.components:com.google.firebase.appcheck.FirebaseAppCheckRegistrar"
137-->[com.google.firebase:firebase-appcheck:18.0.0] AndroidManifest.xml:29:17-117
138                android:value="com.google.firebase.components.ComponentRegistrar" />
138-->[com.google.firebase:firebase-appcheck:18.0.0] AndroidManifest.xml:30:17-82
139            <meta-data
139-->[com.google.firebase:firebase-common-ktx:21.0.0] AndroidManifest.xml:12:13-14:85
140                android:name="com.google.firebase.components:com.google.firebase.ktx.FirebaseCommonLegacyRegistrar"
140-->[com.google.firebase:firebase-common-ktx:21.0.0] AndroidManifest.xml:13:17-116
141                android:value="com.google.firebase.components.ComponentRegistrar" />
141-->[com.google.firebase:firebase-common-ktx:21.0.0] AndroidManifest.xml:14:17-82
142            <meta-data
142-->[com.google.firebase:firebase-common:21.0.0] AndroidManifest.xml:35:13-37:85
143                android:name="com.google.firebase.components:com.google.firebase.FirebaseCommonKtxRegistrar"
143-->[com.google.firebase:firebase-common:21.0.0] AndroidManifest.xml:36:17-109
144                android:value="com.google.firebase.components.ComponentRegistrar" />
144-->[com.google.firebase:firebase-common:21.0.0] AndroidManifest.xml:37:17-82
145            <meta-data
145-->[com.google.firebase:firebase-datatransport:18.2.0] AndroidManifest.xml:25:13-27:85
146                android:name="com.google.firebase.components:com.google.firebase.datatransport.TransportRegistrar"
146-->[com.google.firebase:firebase-datatransport:18.2.0] AndroidManifest.xml:26:17-115
147                android:value="com.google.firebase.components.ComponentRegistrar" />
147-->[com.google.firebase:firebase-datatransport:18.2.0] AndroidManifest.xml:27:17-82
148        </service>
149        <service
149-->[:firebase_messaging] AndroidManifest.xml:14:9-17:72
150            android:name="io.flutter.plugins.firebase.messaging.FlutterFirebaseMessagingBackgroundService"
150-->[:firebase_messaging] AndroidManifest.xml:15:13-107
151            android:exported="false"
151-->[:firebase_messaging] AndroidManifest.xml:16:13-37
152            android:permission="android.permission.BIND_JOB_SERVICE" />
152-->[:firebase_messaging] AndroidManifest.xml:17:13-69
153        <service
153-->[:firebase_messaging] AndroidManifest.xml:18:9-24:19
154            android:name="io.flutter.plugins.firebase.messaging.FlutterFirebaseMessagingService"
154-->[:firebase_messaging] AndroidManifest.xml:19:13-97
155            android:exported="false" >
155-->[:firebase_messaging] AndroidManifest.xml:20:13-37
156            <intent-filter>
156-->[:firebase_messaging] AndroidManifest.xml:21:13-23:29
157                <action android:name="com.google.firebase.MESSAGING_EVENT" />
157-->[:firebase_messaging] AndroidManifest.xml:22:17-78
157-->[:firebase_messaging] AndroidManifest.xml:22:25-75
158            </intent-filter>
159        </service>
160
161        <receiver
161-->[:firebase_messaging] AndroidManifest.xml:26:9-33:20
162            android:name="io.flutter.plugins.firebase.messaging.FlutterFirebaseMessagingReceiver"
162-->[:firebase_messaging] AndroidManifest.xml:27:13-98
163            android:exported="true"
163-->[:firebase_messaging] AndroidManifest.xml:28:13-36
164            android:permission="com.google.android.c2dm.permission.SEND" >
164-->[:firebase_messaging] AndroidManifest.xml:29:13-73
165            <intent-filter>
165-->[:firebase_messaging] AndroidManifest.xml:30:13-32:29
166                <action android:name="com.google.android.c2dm.intent.RECEIVE" />
166-->[:firebase_messaging] AndroidManifest.xml:31:17-81
166-->[:firebase_messaging] AndroidManifest.xml:31:25-78
167            </intent-filter>
168        </receiver>
169
170        <provider
170-->[:firebase_messaging] AndroidManifest.xml:41:9-45:38
171            android:name="io.flutter.plugins.firebase.messaging.FlutterFirebaseMessagingInitProvider"
171-->[:firebase_messaging] AndroidManifest.xml:42:13-102
172            android:authorities="com.example.chat_app.flutterfirebasemessaginginitprovider"
172-->[:firebase_messaging] AndroidManifest.xml:43:13-88
173            android:exported="false"
173-->[:firebase_messaging] AndroidManifest.xml:44:13-37
174            android:initOrder="99" />
174-->[:firebase_messaging] AndroidManifest.xml:45:13-35
175        <provider
175-->[:image_picker_android] AndroidManifest.xml:9:9-17:20
176            android:name="io.flutter.plugins.imagepicker.ImagePickerFileProvider"
176-->[:image_picker_android] AndroidManifest.xml:10:13-82
177            android:authorities="com.example.chat_app.flutter.image_provider"
177-->[:image_picker_android] AndroidManifest.xml:11:13-74
178            android:exported="false"
178-->[:image_picker_android] AndroidManifest.xml:12:13-37
179            android:grantUriPermissions="true" >
179-->[:image_picker_android] AndroidManifest.xml:13:13-47
180            <meta-data
180-->[:image_picker_android] AndroidManifest.xml:14:13-16:75
181                android:name="android.support.FILE_PROVIDER_PATHS"
181-->[:image_picker_android] AndroidManifest.xml:15:17-67
182                android:resource="@xml/flutter_image_picker_file_paths" />
182-->[:image_picker_android] AndroidManifest.xml:16:17-72
183        </provider> <!-- Trigger Google Play services to install the backported photo picker module. -->
184        <service
184-->[:image_picker_android] AndroidManifest.xml:19:9-31:19
185            android:name="com.google.android.gms.metadata.ModuleDependencies"
185-->[:image_picker_android] AndroidManifest.xml:20:13-78
186            android:enabled="false"
186-->[:image_picker_android] AndroidManifest.xml:21:13-36
187            android:exported="false" >
187-->[:image_picker_android] AndroidManifest.xml:22:13-37
188            <intent-filter>
188-->[:image_picker_android] AndroidManifest.xml:24:13-26:29
189                <action android:name="com.google.android.gms.metadata.MODULE_DEPENDENCIES" />
189-->[:image_picker_android] AndroidManifest.xml:25:17-94
189-->[:image_picker_android] AndroidManifest.xml:25:25-91
190            </intent-filter>
191
192            <meta-data
192-->[:image_picker_android] AndroidManifest.xml:28:13-30:36
193                android:name="photopicker_activity:0:required"
193-->[:image_picker_android] AndroidManifest.xml:29:17-63
194                android:value="" />
194-->[:image_picker_android] AndroidManifest.xml:30:17-33
195        </service>
196
197        <activity
197-->[com.google.firebase:firebase-auth:23.2.0] AndroidManifest.xml:29:9-46:20
198            android:name="com.google.firebase.auth.internal.GenericIdpActivity"
198-->[com.google.firebase:firebase-auth:23.2.0] AndroidManifest.xml:30:13-80
199            android:excludeFromRecents="true"
199-->[com.google.firebase:firebase-auth:23.2.0] AndroidManifest.xml:31:13-46
200            android:exported="true"
200-->[com.google.firebase:firebase-auth:23.2.0] AndroidManifest.xml:32:13-36
201            android:launchMode="singleTask"
201-->[com.google.firebase:firebase-auth:23.2.0] AndroidManifest.xml:33:13-44
202            android:theme="@android:style/Theme.Translucent.NoTitleBar" >
202-->[com.google.firebase:firebase-auth:23.2.0] AndroidManifest.xml:34:13-72
203            <intent-filter>
203-->[com.google.firebase:firebase-auth:23.2.0] AndroidManifest.xml:35:13-45:29
204                <action android:name="android.intent.action.VIEW" />
204-->[com.google.firebase:firebase-auth:23.2.0] AndroidManifest.xml:36:17-69
204-->[com.google.firebase:firebase-auth:23.2.0] AndroidManifest.xml:36:25-66
205
206                <category android:name="android.intent.category.DEFAULT" />
206-->[com.google.firebase:firebase-auth:23.2.0] AndroidManifest.xml:38:17-76
206-->[com.google.firebase:firebase-auth:23.2.0] AndroidManifest.xml:38:27-73
207                <category android:name="android.intent.category.BROWSABLE" />
207-->[com.google.firebase:firebase-auth:23.2.0] AndroidManifest.xml:39:17-78
207-->[com.google.firebase:firebase-auth:23.2.0] AndroidManifest.xml:39:27-75
208
209                <data
209-->[com.google.firebase:firebase-auth:23.2.0] AndroidManifest.xml:41:17-44:51
210                    android:host="firebase.auth"
210-->[com.google.firebase:firebase-auth:23.2.0] AndroidManifest.xml:42:21-49
211                    android:path="/"
211-->[com.google.firebase:firebase-auth:23.2.0] AndroidManifest.xml:43:21-37
212                    android:scheme="genericidp" />
212-->[com.google.firebase:firebase-auth:23.2.0] AndroidManifest.xml:44:21-48
213            </intent-filter>
214        </activity>
215        <activity
215-->[com.google.firebase:firebase-auth:23.2.0] AndroidManifest.xml:47:9-64:20
216            android:name="com.google.firebase.auth.internal.RecaptchaActivity"
216-->[com.google.firebase:firebase-auth:23.2.0] AndroidManifest.xml:48:13-79
217            android:excludeFromRecents="true"
217-->[com.google.firebase:firebase-auth:23.2.0] AndroidManifest.xml:49:13-46
218            android:exported="true"
218-->[com.google.firebase:firebase-auth:23.2.0] AndroidManifest.xml:50:13-36
219            android:launchMode="singleTask"
219-->[com.google.firebase:firebase-auth:23.2.0] AndroidManifest.xml:51:13-44
220            android:theme="@android:style/Theme.Translucent.NoTitleBar" >
220-->[com.google.firebase:firebase-auth:23.2.0] AndroidManifest.xml:52:13-72
221            <intent-filter>
221-->[com.google.firebase:firebase-auth:23.2.0] AndroidManifest.xml:53:13-63:29
222                <action android:name="android.intent.action.VIEW" />
222-->[com.google.firebase:firebase-auth:23.2.0] AndroidManifest.xml:36:17-69
222-->[com.google.firebase:firebase-auth:23.2.0] AndroidManifest.xml:36:25-66
223
224                <category android:name="android.intent.category.DEFAULT" />
224-->[com.google.firebase:firebase-auth:23.2.0] AndroidManifest.xml:38:17-76
224-->[com.google.firebase:firebase-auth:23.2.0] AndroidManifest.xml:38:27-73
225                <category android:name="android.intent.category.BROWSABLE" />
225-->[com.google.firebase:firebase-auth:23.2.0] AndroidManifest.xml:39:17-78
225-->[com.google.firebase:firebase-auth:23.2.0] AndroidManifest.xml:39:27-75
226
227                <data
227-->[com.google.firebase:firebase-auth:23.2.0] AndroidManifest.xml:41:17-44:51
228                    android:host="firebase.auth"
228-->[com.google.firebase:firebase-auth:23.2.0] AndroidManifest.xml:42:21-49
229                    android:path="/"
229-->[com.google.firebase:firebase-auth:23.2.0] AndroidManifest.xml:43:21-37
230                    android:scheme="recaptcha" />
230-->[com.google.firebase:firebase-auth:23.2.0] AndroidManifest.xml:44:21-48
231            </intent-filter>
232        </activity>
233
234        <receiver
234-->[com.google.firebase:firebase-messaging:24.1.1] AndroidManifest.xml:29:9-40:20
235            android:name="com.google.firebase.iid.FirebaseInstanceIdReceiver"
235-->[com.google.firebase:firebase-messaging:24.1.1] AndroidManifest.xml:30:13-78
236            android:exported="true"
236-->[com.google.firebase:firebase-messaging:24.1.1] AndroidManifest.xml:31:13-36
237            android:permission="com.google.android.c2dm.permission.SEND" >
237-->[com.google.firebase:firebase-messaging:24.1.1] AndroidManifest.xml:32:13-73
238            <intent-filter>
238-->[:firebase_messaging] AndroidManifest.xml:30:13-32:29
239                <action android:name="com.google.android.c2dm.intent.RECEIVE" />
239-->[:firebase_messaging] AndroidManifest.xml:31:17-81
239-->[:firebase_messaging] AndroidManifest.xml:31:25-78
240            </intent-filter>
241
242            <meta-data
242-->[com.google.firebase:firebase-messaging:24.1.1] AndroidManifest.xml:37:13-39:40
243                android:name="com.google.android.gms.cloudmessaging.FINISHED_AFTER_HANDLED"
243-->[com.google.firebase:firebase-messaging:24.1.1] AndroidManifest.xml:38:17-92
244                android:value="true" />
244-->[com.google.firebase:firebase-messaging:24.1.1] AndroidManifest.xml:39:17-37
245        </receiver>
246        <!--
247             FirebaseMessagingService performs security checks at runtime,
248             but set to not exported to explicitly avoid allowing another app to call it.
249        -->
250        <service
250-->[com.google.firebase:firebase-messaging:24.1.1] AndroidManifest.xml:46:9-53:19
251            android:name="com.google.firebase.messaging.FirebaseMessagingService"
251-->[com.google.firebase:firebase-messaging:24.1.1] AndroidManifest.xml:47:13-82
252            android:directBootAware="true"
252-->[com.google.firebase:firebase-messaging:24.1.1] AndroidManifest.xml:48:13-43
253            android:exported="false" >
253-->[com.google.firebase:firebase-messaging:24.1.1] AndroidManifest.xml:49:13-37
254            <intent-filter android:priority="-500" >
254-->[:firebase_messaging] AndroidManifest.xml:21:13-23:29
255                <action android:name="com.google.firebase.MESSAGING_EVENT" />
255-->[:firebase_messaging] AndroidManifest.xml:22:17-78
255-->[:firebase_messaging] AndroidManifest.xml:22:25-75
256            </intent-filter>
257        </service>
258        <service
258-->[androidx.credentials:credentials-play-services-auth:1.2.0-rc01] AndroidManifest.xml:24:9-32:19
259            android:name="androidx.credentials.playservices.CredentialProviderMetadataHolder"
259-->[androidx.credentials:credentials-play-services-auth:1.2.0-rc01] AndroidManifest.xml:25:13-94
260            android:enabled="true"
260-->[androidx.credentials:credentials-play-services-auth:1.2.0-rc01] AndroidManifest.xml:26:13-35
261            android:exported="false" >
261-->[androidx.credentials:credentials-play-services-auth:1.2.0-rc01] AndroidManifest.xml:27:13-37
262            <meta-data
262-->[androidx.credentials:credentials-play-services-auth:1.2.0-rc01] AndroidManifest.xml:29:13-31:104
263                android:name="androidx.credentials.CREDENTIAL_PROVIDER_KEY"
263-->[androidx.credentials:credentials-play-services-auth:1.2.0-rc01] AndroidManifest.xml:30:17-76
264                android:value="androidx.credentials.playservices.CredentialProviderPlayServicesImpl" />
264-->[androidx.credentials:credentials-play-services-auth:1.2.0-rc01] AndroidManifest.xml:31:17-101
265        </service>
266
267        <activity
267-->[androidx.credentials:credentials-play-services-auth:1.2.0-rc01] AndroidManifest.xml:34:9-41:20
268            android:name="androidx.credentials.playservices.HiddenActivity"
268-->[androidx.credentials:credentials-play-services-auth:1.2.0-rc01] AndroidManifest.xml:35:13-76
269            android:configChanges="orientation|screenSize|screenLayout|keyboardHidden"